0 info it worked if it ends with ok
1 verbose cli [ 'node', '/usr/bin/npm', 'start' ]
2 info using npm@2.2.0
3 info using node@v0.10.33
4 verbose run-script [ 'prestart', 'start', 'poststart' ]
5 info prestart keddoo_weixin@0.0.0
6 info start keddoo_weixin@0.0.0
7 verbose unsafe-perm in lifecycle true
8 info keddoo_weixin@0.0.0 Failed to exec start script
9 verbose stack Error: keddoo_weixin@0.0.0 start: `node ./bin/www`
9 verbose stack Exit status 8
9 verbose stack     at EventEmitter.<anonymous> (/usr/lib/node_modules/npm/lib/utils/lifecycle.js:212:16)
9 verbose stack     at EventEmitter.emit (events.js:98:17)
9 verbose stack     at ChildProcess.<anonymous> (/usr/lib/node_modules/npm/lib/utils/spawn.js:14:12)
9 verbose stack     at ChildProcess.emit (events.js:98:17)
9 verbose stack     at maybeClose (child_process.js:756:16)
9 verbose stack     at Process.ChildProcess._handle.onexit (child_process.js:823:5)
10 verbose pkgid keddoo_weixin@0.0.0
11 verbose cwd /home/lvning/webapps/keddoo_weixin
12 error Linux 2.6.32-504.8.1.el6.x86_64
13 error argv "node" "/usr/bin/npm" "start"
14 error node v0.10.33
15 error npm  v2.2.0
16 error code ELIFECYCLE
17 error keddoo_weixin@0.0.0 start: `node ./bin/www`
17 error Exit status 8
18 error Failed at the keddoo_weixin@0.0.0 start script 'node ./bin/www'.
18 error This is most likely a problem with the keddoo_weixin package,
18 error not with npm itself.
18 error Tell the author that this fails on your system:
18 error     node ./bin/www
18 error You can get their info via:
18 error     npm owner ls keddoo_weixin
18 error There is likely additional logging output above.
19 verbose exit [ 1, true ]
1 verbose cli [ 'node', '/usr/local/bin/npm', 'start' ]
2 info using npm@2.5.1
3 info using node@v0.12.0
4 verbose node symlink /usr/local/bin/node
5 verbose run-script [ 'prestart', 'start', 'poststart' ]
6 info prestart keddoo_weixin@0.0.0
7 info start keddoo_weixin@0.0.0
8 verbose unsafe-perm in lifecycle true
9 info keddoo_weixin@0.0.0 Failed to exec start script
10 verbose stack Error: keddoo_weixin@0.0.0 start: `node ./bin/www`
10 verbose stack Exit status 1
10 verbose stack     at EventEmitter.<anonymous> (/usr/local/lib/node_modules/npm/lib/utils/lifecycle.js:213:16)
10 verbose stack     at EventEmitter.emit (events.js:110:17)
10 verbose stack     at ChildProcess.<anonymous> (/usr/local/lib/node_modules/npm/lib/utils/spawn.js:14:12)
10 verbose stack     at ChildProcess.emit (events.js:110:17)
10 verbose stack     at maybeClose (child_process.js:1008:16)
10 verbose stack     at Process.ChildProcess._handle.onexit (child_process.js:1080:5)
11 verbose pkgid keddoo_weixin@0.0.0
12 verbose cwd /Users/lvning/nodeDev/keddoo_weixin
13 error Darwin 14.3.0
14 error argv "node" "/usr/local/bin/npm" "start"
15 error node v0.12.0
16 error npm  v2.5.1
17 error code ELIFECYCLE
18 error keddoo_weixin@0.0.0 start: `node ./bin/www`
18 error Exit status 1
19 error Failed at the keddoo_weixin@0.0.0 start script 'node ./bin/www'.
19 error This is most likely a problem with the keddoo_weixin package,
19 error not with npm itself.
19 error Tell the author that this fails on your system:
19 error     node ./bin/www
19 error You can get their info via:
19 error     npm owner ls keddoo_weixin
19 error There is likely additional logging output above.
20 verbose exit [ 1, true ]
